<?xml version="1.0" encoding="UTF-8"?>
<!-- Generated by org.testng.reporters.JUnitXMLReporter -->
<testsuite hostname="DESKTOP-C5T3T2P" ignored="0" name="Grafana API Tests" tests="3" failures="2" timestamp="01 Sep 2020 10:39:15 GMT" time="4.093" errors="0">
  <testcase name="test01_addTeam" time="1.749" classname="SanityTests.grafanaApi">
    <failure type="java.lang.AssertionError" message="expected [VladiTeam] but found [NoyTeam]">
      <![CDATA[java.lang.AssertionError: expected [VladiTeam] but found [NoyTeam]
at Extensions.verifications.text(verifications.java:61)
at SanityTests.grafanaApi.test01_addTeam(grafanaApi.java:21)
... Removed 35 stack frames]]>
    </failure>
  </testcase> <!-- test01_addTeam -->
  <testcase name="test02_updateTeam" time="0.077" classname="SanityTests.grafanaApi"/>
  <testcase name="test03_deleteTeam" time="0.088" classname="SanityTests.grafanaApi">
    <failure type="java.lang.AssertionError" message="expected [0] but found [1]">
      <![CDATA[java.lang.AssertionError: expected [0] but found [1]
at Extensions.verifications.text(verifications.java:61)
at SanityTests.grafanaApi.test03_deleteTeam(grafanaApi.java:35)
... Removed 35 stack frames]]>
    </failure>
  </testcase> <!-- test03_deleteTeam -->
</testsuite> <!-- Grafana API Tests -->
