{
  "uid" : "85a09e6c2fff0ec9",
  "name" : "Test02: Verify Added Exercise",
  "fullName" : "SanityTests.myFitnessPalWeb.test02_addStrengthExercise",
  "historyId" : "3a6bf60a7de6e0565f637b22e4234d57",
  "time" : {
    "start" : 1598959650868,
    "stop" : 1598959657243,
    "duration" : 6375
  },
  "description" : "Test Description: Add an exercise and verify it exists",
  "descriptionHtml" : "<p>Test Description: Add an exercise and verify it exists</p>\n",
  "status" : "failed",
  "statusMessage" : "expected [1] but found [2]",
  "statusTrace" : "java.lang.AssertionError: expected [1] but found [2]\r\n\tat org.testng.Assert.fail(Assert.java:96)\r\n\tat org.testng.Assert.failNotEquals(Assert.java:776)\r\n\tat org.testng.Assert.assertEqualsImpl(Assert.java:137)\r\n\tat org.testng.Assert.assertEquals(Assert.java:118)\r\n\tat org.testng.Assert.assertEquals(Assert.java:652)\r\n\tat org.testng.Assert.assertEquals(Assert.java:662)\r\n\tat Extensions.verifications.numberOfElements(verifications.java:36)\r\n\tat SanityTests.myFitnessPalWeb.test02_addStrengthExercise(myFitnessPalWeb.java:27)\r\n\tat sun.reflect.NativeMethodAccessorImpl.invoke0(Native Method)\r\n\tat sun.reflect.NativeMethodAccessorImpl.invoke(Unknown Source)\r\n\tat sun.reflect.DelegatingMethodAccessorImpl.invoke(Unknown Source)\r\n\tat java.lang.reflect.Method.invoke(Unknown Source)\r\n\tat org.testng.internal.MethodInvocationHelper.invokeMethod(MethodInvocationHelper.java:124)\r\n\tat org.testng.internal.Invoker.invokeMethod(Invoker.java:583)\r\n\tat org.testng.internal.Invoker.invokeTestMethod(Invoker.java:719)\r\n\tat org.testng.internal.Invoker.invokeTestMethods(Invoker.java:989)\r\n\tat org.testng.internal.TestMethodWorker.invokeTestMethods(TestMethodWorker.java:125)\r\n\tat org.testng.internal.TestMethodWorker.run(TestMethodWorker.java:109)\r\n\tat org.testng.TestRunner.privateRun(TestRunner.java:648)\r\n\tat org.testng.TestRunner.run(TestRunner.java:505)\r\n\tat org.testng.SuiteRunner.runTest(SuiteRunner.java:455)\r\n\tat org.testng.SuiteRunner.runSequentially(SuiteRunner.java:450)\r\n\tat org.testng.SuiteRunner.privateRun(SuiteRunner.java:415)\r\n\tat org.testng.SuiteRunner.run(SuiteRunner.java:364)\r\n\tat org.testng.SuiteRunnerWorker.runSuite(SuiteRunnerWorker.java:52)\r\n\tat org.testng.SuiteRunnerWorker.run(SuiteRunnerWorker.java:84)\r\n\tat org.testng.TestNG.runSuitesSequentially(TestNG.java:1208)\r\n\tat org.testng.TestNG.runSuitesLocally(TestNG.java:1137)\r\n\tat org.testng.TestNG.runSuites(TestNG.java:1049)\r\n\tat org.testng.TestNG.run(TestNG.java:1017)\r\n\tat org.apache.maven.surefire.testng.TestNGExecutor.run(TestNGExecutor.java:283)\r\n\tat org.apache.maven.surefire.testng.TestNGXmlTestSuite.execute(TestNGXmlTestSuite.java:75)\r\n\tat org.apache.maven.surefire.testng.TestNGProvider.invoke(TestNGProvider.java:120)\r\n\tat org.apache.maven.surefire.booter.ForkedBooter.invokeProviderInSameClassLoader(ForkedBooter.java:384)\r\n\tat org.apache.maven.surefire.booter.ForkedBooter.runSuitesInProcess(ForkedBooter.java:345)\r\n\tat org.apache.maven.surefire.booter.ForkedBooter.execute(ForkedBooter.java:126)\r\n\tat org.apache.maven.surefire.booter.ForkedBooter.main(ForkedBooter.java:418)\r\n",
  "flaky" : false,
  "newFailed" : false,
  "beforeStages" : [ {
    "name" : "startSession",
    "time" : {
      "start" : 1598959633269,
      "stop" : 1598959643344,
      "duration" : 10075
    },
    "description" : "",
    "status" : "passed",
    "steps" : [ ],
    "attachments" : [ ],
    "parameters" : [ ],
    "stepsCount" : 0,
    "hasContent" : false,
    "shouldDisplayMessage" : false,
    "attachmentsCount" : 0
  } ],
  "testStage" : {
    "description" : "Test Description: Add an exercise and verify it exists",
    "status" : "failed",
    "statusMessage" : "expected [1] but found [2]",
    "statusTrace" : "java.lang.AssertionError: expected [1] but found [2]\r\n\tat org.testng.Assert.fail(Assert.java:96)\r\n\tat org.testng.Assert.failNotEquals(Assert.java:776)\r\n\tat org.testng.Assert.assertEqualsImpl(Assert.java:137)\r\n\tat org.testng.Assert.assertEquals(Assert.java:118)\r\n\tat org.testng.Assert.assertEquals(Assert.java:652)\r\n\tat org.testng.Assert.assertEquals(Assert.java:662)\r\n\tat Extensions.verifications.numberOfElements(verifications.java:36)\r\n\tat SanityTests.myFitnessPalWeb.test02_addStrengthExercise(myFitnessPalWeb.java:27)\r\n\tat sun.reflect.NativeMethodAccessorImpl.invoke0(Native Method)\r\n\tat sun.reflect.NativeMethodAccessorImpl.invoke(Unknown Source)\r\n\tat sun.reflect.DelegatingMethodAccessorImpl.invoke(Unknown Source)\r\n\tat java.lang.reflect.Method.invoke(Unknown Source)\r\n\tat org.testng.internal.MethodInvocationHelper.invokeMethod(MethodInvocationHelper.java:124)\r\n\tat org.testng.internal.Invoker.invokeMethod(Invoker.java:583)\r\n\tat org.testng.internal.Invoker.invokeTestMethod(Invoker.java:719)\r\n\tat org.testng.internal.Invoker.invokeTestMethods(Invoker.java:989)\r\n\tat org.testng.internal.TestMethodWorker.invokeTestMethods(TestMethodWorker.java:125)\r\n\tat org.testng.internal.TestMethodWorker.run(TestMethodWorker.java:109)\r\n\tat org.testng.TestRunner.privateRun(TestRunner.java:648)\r\n\tat org.testng.TestRunner.run(TestRunner.java:505)\r\n\tat org.testng.SuiteRunner.runTest(SuiteRunner.java:455)\r\n\tat org.testng.SuiteRunner.runSequentially(SuiteRunner.java:450)\r\n\tat org.testng.SuiteRunner.privateRun(SuiteRunner.java:415)\r\n\tat org.testng.SuiteRunner.run(SuiteRunner.java:364)\r\n\tat org.testng.SuiteRunnerWorker.runSuite(SuiteRunnerWorker.java:52)\r\n\tat org.testng.SuiteRunnerWorker.run(SuiteRunnerWorker.java:84)\r\n\tat org.testng.TestNG.runSuitesSequentially(TestNG.java:1208)\r\n\tat org.testng.TestNG.runSuitesLocally(TestNG.java:1137)\r\n\tat org.testng.TestNG.runSuites(TestNG.java:1049)\r\n\tat org.testng.TestNG.run(TestNG.java:1017)\r\n\tat org.apache.maven.surefire.testng.TestNGExecutor.run(TestNGExecutor.java:283)\r\n\tat org.apache.maven.surefire.testng.TestNGXmlTestSuite.execute(TestNGXmlTestSuite.java:75)\r\n\tat org.apache.maven.surefire.testng.TestNGProvider.invoke(TestNGProvider.java:120)\r\n\tat org.apache.maven.surefire.booter.ForkedBooter.invokeProviderInSameClassLoader(ForkedBooter.java:384)\r\n\tat org.apache.maven.surefire.booter.ForkedBooter.runSuitesInProcess(ForkedBooter.java:345)\r\n\tat org.apache.maven.surefire.booter.ForkedBooter.execute(ForkedBooter.java:126)\r\n\tat org.apache.maven.surefire.booter.ForkedBooter.main(ForkedBooter.java:418)\r\n",
    "steps" : [ {
      "name" : "Add a Strength Exercise",
      "time" : {
        "start" : 1598959650868,
        "stop" : 1598959656852,
        "duration" : 5984
      },
      "status" : "passed",
      "steps" : [ {
        "name" : "Click on Element",
        "time" : {
          "start" : 1598959650878,
          "stop" : 1598959651257,
          "duration" : 379
        },
        "status" : "passed",
        "steps" : [ ],
        "attachments" : [ ],
        "parameters" : [ {
          "name" : "elem",
          "value" : "[[ChromeDriver: chrome on WINDOWS (6e05c2a3e50072716c9e60e19217323e)] -> css selector: div[id = 'nav-bg'] a[href = '/exercise/diary/']]"
        } ],
        "stepsCount" : 0,
        "hasContent" : true,
        "shouldDisplayMessage" : false,
        "attachmentsCount" : 0
      }, {
        "name" : "Click on Element",
        "time" : {
          "start" : 1598959651403,
          "stop" : 1598959652576,
          "duration" : 1173
        },
        "status" : "passed",
        "steps" : [ ],
        "attachments" : [ ],
        "parameters" : [ {
          "name" : "elem",
          "value" : "[[ChromeDriver: chrome on WINDOWS (6e05c2a3e50072716c9e60e19217323e)] -> xpath: //div[@id= 'subNav-bg']//a[contains(text(), 'Exercise Diary')]]"
        } ],
        "stepsCount" : 0,
        "hasContent" : true,
        "shouldDisplayMessage" : false,
        "attachmentsCount" : 0
      }, {
        "name" : "Click on Element",
        "time" : {
          "start" : 1598959652586,
          "stop" : 1598959653056,
          "duration" : 470
        },
        "status" : "passed",
        "steps" : [ ],
        "attachments" : [ ],
        "parameters" : [ {
          "name" : "elem",
          "value" : "[[ChromeDriver: chrome on WINDOWS (6e05c2a3e50072716c9e60e19217323e)] -> xpath: //a[@href = '/exercise/add_to_diary?type=strength']]"
        } ],
        "stepsCount" : 0,
        "hasContent" : true,
        "shouldDisplayMessage" : false,
        "attachmentsCount" : 0
      }, {
        "name" : "Send Text to Text-Field",
        "time" : {
          "start" : 1598959653378,
          "stop" : 1598959653472,
          "duration" : 94
        },
        "status" : "passed",
        "steps" : [ ],
        "attachments" : [ ],
        "parameters" : [ {
          "name" : "elem",
          "value" : "[[ChromeDriver: chrome on WINDOWS (6e05c2a3e50072716c9e60e19217323e)] -> id: search]"
        }, {
          "name" : "value",
          "value" : "Deadlift"
        } ],
        "stepsCount" : 0,
        "hasContent" : true,
        "shouldDisplayMessage" : false,
        "attachmentsCount" : 0
      }, {
        "name" : "Click on Element",
        "time" : {
          "start" : 1598959653481,
          "stop" : 1598959653557,
          "duration" : 76
        },
        "status" : "passed",
        "steps" : [ ],
        "attachments" : [ ],
        "parameters" : [ {
          "name" : "elem",
          "value" : "[[ChromeDriver: chrome on WINDOWS (6e05c2a3e50072716c9e60e19217323e)] -> css selector: #searchFoodByName .button]"
        } ],
        "stepsCount" : 0,
        "hasContent" : true,
        "shouldDisplayMessage" : false,
        "attachmentsCount" : 0
      }, {
        "name" : "Click on Element",
        "time" : {
          "start" : 1598959654634,
          "stop" : 1598959654699,
          "duration" : 65
        },
        "status" : "passed",
        "steps" : [ ],
        "attachments" : [ ],
        "parameters" : [ {
          "name" : "elem",
          "value" : "[[ChromeDriver: chrome on WINDOWS (6e05c2a3e50072716c9e60e19217323e)] -> xpath: //ul[@id= 'matching']//a[contains(text(), 'Deadlift')]]"
        } ],
        "stepsCount" : 0,
        "hasContent" : true,
        "shouldDisplayMessage" : false,
        "attachmentsCount" : 0
      }, {
        "name" : "Send Text to Text-Field",
        "time" : {
          "start" : 1598959654977,
          "stop" : 1598959655038,
          "duration" : 61
        },
        "status" : "passed",
        "steps" : [ ],
        "attachments" : [ ],
        "parameters" : [ {
          "name" : "elem",
          "value" : "[[ChromeDriver: chrome on WINDOWS (6e05c2a3e50072716c9e60e19217323e)] -> id: exercise_entry_sets]"
        }, {
          "name" : "value",
          "value" : "4"
        } ],
        "stepsCount" : 0,
        "hasContent" : true,
        "shouldDisplayMessage" : false,
        "attachmentsCount" : 0
      }, {
        "name" : "Send Text to Text-Field",
        "time" : {
          "start" : 1598959655048,
          "stop" : 1598959655107,
          "duration" : 59
        },
        "status" : "passed",
        "steps" : [ ],
        "attachments" : [ ],
        "parameters" : [ {
          "name" : "elem",
          "value" : "[[ChromeDriver: chrome on WINDOWS (6e05c2a3e50072716c9e60e19217323e)] -> id: exercise_entry_quantity]"
        }, {
          "name" : "value",
          "value" : "12"
        } ],
        "stepsCount" : 0,
        "hasContent" : true,
        "shouldDisplayMessage" : false,
        "attachmentsCount" : 0
      }, {
        "name" : "Send Text to Text-Field",
        "time" : {
          "start" : 1598959655115,
          "stop" : 1598959655170,
          "duration" : 55
        },
        "status" : "passed",
        "steps" : [ ],
        "attachments" : [ ],
        "parameters" : [ {
          "name" : "elem",
          "value" : "[[ChromeDriver: chrome on WINDOWS (6e05c2a3e50072716c9e60e19217323e)] -> id: exercise_entry_weight]"
        }, {
          "name" : "value",
          "value" : "80"
        } ],
        "stepsCount" : 0,
        "hasContent" : true,
        "shouldDisplayMessage" : false,
        "attachmentsCount" : 0
      }, {
        "name" : "Click on Element",
        "time" : {
          "start" : 1598959655178,
          "stop" : 1598959656852,
          "duration" : 1674
        },
        "status" : "passed",
        "steps" : [ ],
        "attachments" : [ ],
        "parameters" : [ {
          "name" : "elem",
          "value" : "[[ChromeDriver: chrome on WINDOWS (6e05c2a3e50072716c9e60e19217323e)] -> id: update_exercise]"
        } ],
        "stepsCount" : 0,
        "hasContent" : true,
        "shouldDisplayMessage" : false,
        "attachmentsCount" : 0
      } ],
      "attachments" : [ ],
      "parameters" : [ {
        "name" : "exerciseName",
        "value" : "Deadlift"
      }, {
        "name" : "numberOfSets",
        "value" : "4"
      }, {
        "name" : "repetitionsPerSet",
        "value" : "12"
      }, {
        "name" : "weightPerSet",
        "value" : "80"
      } ],
      "stepsCount" : 10,
      "hasContent" : true,
      "shouldDisplayMessage" : false,
      "attachmentsCount" : 0
    }, {
      "name" : "Verify Visibility of the Number of Elements to",
      "time" : {
        "start" : 1598959656867,
        "stop" : 1598959656923,
        "duration" : 56
      },
      "status" : "failed",
      "statusMessage" : "expected [1] but found [2]",
      "statusTrace" : "java.lang.AssertionError: expected [1] but found [2]\r\n\tat org.testng.Assert.fail(Assert.java:96)\r\n\tat org.testng.Assert.failNotEquals(Assert.java:776)\r\n\tat org.testng.Assert.assertEqualsImpl(Assert.java:137)\r\n\tat org.testng.Assert.assertEquals(Assert.java:118)\r\n\tat org.testng.Assert.assertEquals(Assert.java:652)\r\n\tat org.testng.Assert.assertEquals(Assert.java:662)\r\n\tat Extensions.verifications.numberOfElements(verifications.java:36)\r\n\tat SanityTests.myFitnessPalWeb.test02_addStrengthExercise(myFitnessPalWeb.java:27)\r\n\tat sun.reflect.NativeMethodAccessorImpl.invoke0(Native Method)\r\n\tat sun.reflect.NativeMethodAccessorImpl.invoke(Unknown Source)\r\n\tat sun.reflect.DelegatingMethodAccessorImpl.invoke(Unknown Source)\r\n\tat java.lang.reflect.Method.invoke(Unknown Source)\r\n\tat org.testng.internal.MethodInvocationHelper.invokeMethod(MethodInvocationHelper.java:124)\r\n\tat org.testng.internal.Invoker.invokeMethod(Invoker.java:583)\r\n\tat org.testng.internal.Invoker.invokeTestMethod(Invoker.java:719)\r\n\tat org.testng.internal.Invoker.invokeTestMethods(Invoker.java:989)\r\n\tat org.testng.internal.TestMethodWorker.invokeTestMethods(TestMethodWorker.java:125)\r\n\tat org.testng.internal.TestMethodWorker.run(TestMethodWorker.java:109)\r\n\tat org.testng.TestRunner.privateRun(TestRunner.java:648)\r\n\tat org.testng.TestRunner.run(TestRunner.java:505)\r\n\tat org.testng.SuiteRunner.runTest(SuiteRunner.java:455)\r\n\tat org.testng.SuiteRunner.runSequentially(SuiteRunner.java:450)\r\n\tat org.testng.SuiteRunner.privateRun(SuiteRunner.java:415)\r\n\tat org.testng.SuiteRunner.run(SuiteRunner.java:364)\r\n\tat org.testng.SuiteRunnerWorker.runSuite(SuiteRunnerWorker.java:52)\r\n\tat org.testng.SuiteRunnerWorker.run(SuiteRunnerWorker.java:84)\r\n\tat org.testng.TestNG.runSuitesSequentially(TestNG.java:1208)\r\n\tat org.testng.TestNG.runSuitesLocally(TestNG.java:1137)\r\n\tat org.testng.TestNG.runSuites(TestNG.java:1049)\r\n\tat org.testng.TestNG.run(TestNG.java:1017)\r\n\tat org.apache.maven.surefire.testng.TestNGExecutor.run(TestNGExecutor.java:283)\r\n\tat org.apache.maven.surefire.testng.TestNGXmlTestSuite.execute(TestNGXmlTestSuite.java:75)\r\n\tat org.apache.maven.surefire.testng.TestNGProvider.invoke(TestNGProvider.java:120)\r\n\tat org.apache.maven.surefire.booter.ForkedBooter.invokeProviderInSameClassLoader(ForkedBooter.java:384)\r\n\tat org.apache.maven.surefire.booter.ForkedBooter.runSuitesInProcess(ForkedBooter.java:345)\r\n\tat org.apache.maven.surefire.booter.ForkedBooter.execute(ForkedBooter.java:126)\r\n\tat org.apache.maven.surefire.booter.ForkedBooter.main(ForkedBooter.java:418)\r\n",
      "steps" : [ ],
      "attachments" : [ ],
      "parameters" : [ {
        "name" : "elems",
        "value" : "[[[ChromeDriver: chrome on WINDOWS (6e05c2a3e50072716c9e60e19217323e)] -> xpath: //table[2][@class = 'table0']//tbody//td[@class = 'first alt']], [[ChromeDriver: chrome on WINDOWS (6e05c2a3e50072716c9e60e19217323e)] -> xpath: //table[2][@class = 'table0']//tbody//td[@class = 'first alt']]]"
      }, {
        "name" : "expectedValue",
        "value" : "1"
      } ],
      "stepsCount" : 0,
      "hasContent" : true,
      "shouldDisplayMessage" : true,
      "attachmentsCount" : 0
    } ],
    "attachments" : [ {
      "uid" : "d0f639626ca5571b",
      "name" : "Page Screen-Shot",
      "source" : "d0f639626ca5571b.png",
      "type" : "image/png",
      "size" : 61600
    } ],
    "parameters" : [ ],
    "stepsCount" : 12,
    "hasContent" : true,
    "shouldDisplayMessage" : false,
    "attachmentsCount" : 1
  },
  "afterStages" : [ {
    "name" : "afterMethod",
    "time" : {
      "start" : 1598959657249,
      "stop" : 1598959658282,
      "duration" : 1033
    },
    "description" : "",
    "status" : "passed",
    "steps" : [ ],
    "attachments" : [ ],
    "parameters" : [ ],
    "stepsCount" : 0,
    "hasContent" : false,
    "shouldDisplayMessage" : false,
    "attachmentsCount" : 0
  }, {
    "name" : "closeSession",
    "time" : {
      "start" : 1598959682737,
      "stop" : 1598959683333,
      "duration" : 596
    },
    "description" : "",
    "status" : "passed",
    "steps" : [ ],
    "attachments" : [ ],
    "parameters" : [ ],
    "stepsCount" : 0,
    "hasContent" : false,
    "shouldDisplayMessage" : false,
    "attachmentsCount" : 0
  } ],
  "labels" : [ {
    "name" : "package",
    "value" : "SanityTests.myFitnessPalWeb"
  }, {
    "name" : "testClass",
    "value" : "SanityTests.myFitnessPalWeb"
  }, {
    "name" : "testMethod",
    "value" : "test02_addStrengthExercise"
  }, {
    "name" : "parentSuite",
    "value" : "Suite"
  }, {
    "name" : "suite",
    "value" : "MyFitnessPal Web Tests"
  }, {
    "name" : "subSuite",
    "value" : "SanityTests.myFitnessPalWeb"
  }, {
    "name" : "host",
    "value" : "DESKTOP-C5T3T2P"
  }, {
    "name" : "thread",
    "value" : "10244@DESKTOP-C5T3T2P.main(1)"
  }, {
    "name" : "framework",
    "value" : "testng"
  }, {
    "name" : "language",
    "value" : "java"
  }, {
    "name" : "resultFormat",
    "value" : "allure2"
  } ],
  "parameters" : [ {
    "name" : "PlatformName",
    "value" : "web"
  } ],
  "links" : [ ],
  "hidden" : true,
  "retry" : true,
  "extra" : {
    "categories" : [ ],
    "tags" : [ ]
  },
  "source" : "85a09e6c2fff0ec9.json",
  "parameterValues" : [ "web" ]
}